-------------------------------------------------------------------------------
Test set: com.example.appointments.integration.ConcurrencyIntegrationTest
-------------------------------------------------------------------------------
Tests run: 1, Failures: 1, Errors: 0, Skipped: 0, Time elapsed: 7.962 s <<< FAILURE! -- in com.example.appointments.integration.ConcurrencyIntegrationTest
com.example.appointments.integration.ConcurrencyIntegrationTest.concurrentBooking_sameSlot_onlyOneSucceeds_otherConflicts -- Time elapsed: 0.658 s <<< FAILURE!
org.opentest4j.AssertionFailedError: Exactly one booking should succeed ==> expected: <1> but was: <2>
	at org.junit.jupiter.api.AssertionFailureBuilder.build(AssertionFailureBuilder.java:151)
	at org.junit.jupiter.api.AssertionFailureBuilder.buildAndThrow(AssertionFailureBuilder.java:132)
	at org.junit.jupiter.api.AssertEquals.failNotEqual(AssertEquals.java:197)
	at org.junit.jupiter.api.AssertEquals.assertEquals(AssertEquals.java:166)
	at org.junit.jupiter.api.Assertions.assertEquals(Assertions.java:664)
	at com.example.appointments.integration.ConcurrencyIntegrationTest.concurrentBooking_sameSlot_onlyOneSucceeds_otherConflicts(ConcurrencyIntegrationTest.java:131)
	at java.base/java.lang.reflect.Method.invoke(Method.java:569)
	at java.base/java.util.ArrayList.forEach(ArrayList.java:1511)
	at java.base/java.util.ArrayList.forEach(ArrayList.java:1511)

