<?xml version="1.0" encoding="UTF-8"?>
<testsuite xmlns:xsi="http://www.w3.org/2001/XMLSchema-instance" xsi:noNamespaceSchemaLocation="https://maven.apache.org/surefire/maven-surefire-plugin/xsd/surefire-test-report-3.0.xsd" version="3.0" name="com.example.appointments.integration.ConcurrencyIntegrationTest" time="7.962" tests="1" errors="0" skipped="0" failures="1">
  <properties>
[...]
</properties>
  <testcase name="concurrentBooking_sameSlot_onlyOneSucceeds_otherConflicts" classname="com.example.appointments.integration.ConcurrencyIntegrationTest" time="0.658">
    <failure message="Exactly one booking should succeed ==&gt; expected: &lt;1&gt; but was: &lt;2&gt;" type="org.opentest4j.AssertionFailedError"><![CDATA[org.opentest4j.AssertionFailedError: Exactly one booking should succeed ==> expected: <1> but was: <2>
	at org.junit.jupiter.api.AssertionFailureBuilder.build(AssertionFailureBuilder.java:151)
	at org.junit.jupiter.api.AssertionFailureBuilder.buildAndThrow(AssertionFailureBuilder.java:132)
	at org.junit.jupiter.api.AssertEquals.failNotEqual(AssertEquals.java:197)
	at org.junit.jupiter.api.AssertEquals.assertEquals(AssertEquals.java:166)
	at org.junit.jupiter.api.Assertions.assertEquals(Assertions.java:664)
	at com.example.appointments.integration.ConcurrencyIntegrationTest.concurrentBooking_sameSlot_onlyOneSucceeds_otherConflicts(ConcurrencyIntegrationTest.java:131)
	at java.base/java.lang.reflect.Method.invoke(Method.java:569)
	at java.base/java.util.ArrayList.forEach(ArrayList.java:1511)
	at java.base/java.util.ArrayList.forEach(ArrayList.java:1511)
]]></failure>
    <system-out><![CDATA[16:31:53.831 [main] INFO org.testcontainers.images.PullPolicy -- Image pull policy will be performed by: DefaultPullPolicy()
16:31:53.835 [main] INFO org.testcontainers.utility.ImageNameSubstitutor -- Image name substitution will be performed by: DefaultImageNameSubstitutor (composite of 'ConfigurationFileImageNameSubstitutor' and 'PrefixingImageNameSubstitutor')
16:31:54.039 [main] INFO org.testcontainers.dockerclient.DockerClientProviderStrategy -- Loaded org.testcontainers.dockerclient.UnixSocketClientProviderStrategy from ~/.testcontainers.properties, will try it first
16:31:54.268 [main] INFO org.testcontainers.dockerclient.DockerClientProviderStrategy -- Found Docker environment with local Unix socket (unix:///var/run/docker.sock)
16:31:54.269 [main] INFO org.testcontainers.DockerClientFactory -- Docker host IP address is localhost
16:31:54.289 [main] INFO org.testcontainers.DockerClientFactory -- Connected to docker: 
  Server Version: 28.0.4
  API Version: 1.48
  Operating System: Ubuntu 24.04.3 LTS
  Total Memory: 15995 MB
16:31:54.306 [main] INFO tc.testcontainers/ryuk:0.7.0 -- Creating container for image: testcontainers/ryuk:0.7.0
16:31:54.413 [main] INFO tc.testcontainers/ryuk:0.7.0 -- Container testcontainers/ryuk:0.7.0 is starting: fc882c0f8e27755d555888332c4d418934fb2ee6ef64a9f45436e2e53b863839
16:31:54.649 [main] INFO tc.testcontainers/ryuk:0.7.0 -- Container testcontainers/ryuk:0.7.0 started in PT0.342922915S
16:31:54.653 [main] INFO org.testcontainers.utility.RyukResourceReaper -- Ryuk started - will monitor and terminate Testcontainers containers on JVM exit
16:31:54.654 [main] INFO org.testcontainers.DockerClientFactory -- Checking the system...
16:31:54.654 [main] INFO org.testcontainers.DockerClientFactory -- ✔︎ Docker server version should be at least 1.6.0
16:31:54.655 [main] INFO tc.postgres:16 -- Creating container for image: postgres:16
16:31:54.671 [main] INFO tc.postgres:16 -- Container postgres:16 is starting: 8d9c74e5cc6f9e58b98355f362ec60f18842f42a0fbc58e2ae2c277b0e9d6179
16:31:55.723 [main] INFO tc.postgres:16 -- Container postgres:16 started in PT1.06871326S
16:31:55.724 [main] INFO tc.postgres:16 -- Container is started (JDBC URL: jdbc:postgresql://localhost:32773/appointmentsdb?loggerLevel=OFF)
16:31:55.794 [main] INFO org.springframework.test.context.support.AnnotationConfigContextLoaderUtils -- Could not detect default configuration classes for test class [com.example.appointments.integration.ConcurrencyIntegrationTest]: ConcurrencyIntegrationTest does not declare any static, non-private, non-final, nested classes annotated with @Configuration.
16:31:55.875 [main] INFO org.springframework.boot.test.context.SpringBootTestContextBootstrapper -- Found @SpringBootConfiguration com.example.appointments.AppointmentServiceApplication for test class com.example.appointments.integration.ConcurrencyIntegrationTest

  .   ____          _            __ _ _
 /\\ / ___'_ __ _ _(_)_ __  __ _ \ \ \ \
( ( )\___ | '_ | '_| | '_ \/ _` | \ \ \ \
 \\/  ___)| |_)| | | | | || (_| |  ) ) ) )
  '  |____| .__|_| |_|_| |_\__, | / / / /
 =========|_|==============|___/=/_/_/_/

 :: Spring Boot ::                (v3.3.5)

2025-12-12T16:31:56.245Z  INFO 4825 --- [appointments-service] [           main] c.e.a.i.ConcurrencyIntegrationTest       : Starting ConcurrencyIntegrationTest using Java 17.0.17 with PID 4825 (started by runner in /home/runner/work/Doctor-Appointment-Microservice/Doctor-Appointment-Microservice/backend)
2025-12-12T16:31:56.247Z  INFO 4825 --- [appointments-service] [           main] c.e.a.i.ConcurrencyIntegrationTest       : The following 1 profile is active: "postgres"
2025-12-12T16:31:57.093Z  INFO 4825 --- [appointments-service] [           main] .s.d.r.c.RepositoryConfigurationDelegate : Bootstrapping Spring Data JPA repositories in DEFAULT mode.
2025-12-12T16:31:57.141Z  INFO 4825 --- [appointments-service] [           main] .s.d.r.c.RepositoryConfigurationDelegate : Finished Spring Data repository scanning in 40 ms. Found 2 JPA repository interfaces.
2025-12-12T16:31:57.786Z  INFO 4825 --- [appointments-service] [           main] com.zaxxer.hikari.HikariDataSource       : HikariPool-1 - Starting...
2025-12-12T16:31:57.972Z  INFO 4825 --- [appointments-service] [           main] com.zaxxer.hikari.pool.HikariPool        : HikariPool-1 - Added connection org.postgresql.jdbc.PgConnection@416b681c
2025-12-12T16:31:57.974Z  INFO 4825 --- [appointments-service] [           main] com.zaxxer.hikari.HikariDataSource       : HikariPool-1 - Start completed.
2025-12-12T16:31:58.000Z  INFO 4825 --- [appointments-service] [           main] org.flywaydb.core.FlywayExecutor         : Database: jdbc:postgresql://localhost:32773/appointmentsdb (PostgreSQL 16.11)
2025-12-12T16:31:58.026Z  INFO 4825 --- [appointments-service] [           main] o.f.c.i.s.JdbcTableSchemaHistory         : Schema history table "public"."flyway_schema_history" does not exist yet
2025-12-12T16:31:58.028Z  INFO 4825 --- [appointments-service] [           main] o.f.core.internal.command.DbValidate     : Successfully validated 0 migrations (execution time 00:00.009s)
2025-12-12T16:31:58.029Z  WARN 4825 --- [appointments-service] [           main] o.f.core.internal.command.DbValidate     : No migrations found. Are your locations set up correctly?
2025-12-12T16:31:58.044Z  INFO 4825 --- [appointments-service] [           main] o.f.c.i.s.JdbcTableSchemaHistory         : Creating Schema History table "public"."flyway_schema_history" ...
2025-12-12T16:31:58.149Z  INFO 4825 --- [appointments-service] [           main] o.f.core.internal.command.DbMigrate      : Current version of schema "public": << Empty Schema >>
2025-12-12T16:31:58.153Z  INFO 4825 --- [appointments-service] [           main] o.f.core.internal.command.DbMigrate      : Schema "public" is up to date. No migration necessary.
2025-12-12T16:31:58.247Z  INFO 4825 --- [appointments-service] [           main] o.hibernate.jpa.internal.util.LogHelper  : HHH000204: Processing PersistenceUnitInfo [name: default]
2025-12-12T16:31:58.292Z  INFO 4825 --- [appointments-service] [           main] org.hibernate.Version                    : HHH000412: Hibernate ORM core version 6.5.3.Final
2025-12-12T16:31:58.323Z  INFO 4825 --- [appointments-service] [           main] o.h.c.internal.RegionFactoryInitiator    : HHH000026: Second-level cache disabled
2025-12-12T16:31:58.581Z  INFO 4825 --- [appointments-service] [           main] o.s.o.j.p.SpringPersistenceUnitInfo      : No LoadTimeWeaver setup: ignoring JPA class transformer
2025-12-12T16:31:58.616Z  WARN 4825 --- [appointments-service] [           main] org.hibernate.orm.deprecation            : HHH90000025: PostgreSQLDialect does not need to be specified explicitly using 'hibernate.dialect' (remove the property setting and it will be selected by default)
2025-12-12T16:31:59.284Z  INFO 4825 --- [appointments-service] [           main] o.h.e.t.j.p.i.JtaPlatformInitiator       : HHH000489: No JTA platform available (set 'hibernate.transaction.jta.platform' to enable JTA platform integration)
2025-12-12T16:31:59.319Z  WARN 4825 --- [appointments-service] [           main] o.h.engine.jdbc.spi.SqlExceptionHelper   : SQL Warning Code: 0, SQLState: 00000
2025-12-12T16:31:59.319Z  WARN 4825 --- [appointments-service] [           main] o.h.engine.jdbc.spi.SqlExceptionHelper   : constraint "ukgksoboegohdg25d0ypun72o76" of relation "doctors" does not exist, skipping
2025-12-12T16:31:59.322Z  INFO 4825 --- [appointments-service] [           main] j.LocalContainerEntityManagerFactoryBean : Initialized JPA EntityManagerFactory for persistence unit 'default'
2025-12-12T16:31:59.844Z  WARN 4825 --- [appointments-service] [           main] JpaBaseConfiguration$JpaWebConfiguration : spring.jpa.open-in-view is enabled by default. Therefore, database queries may be performed during view rendering. Explicitly configure spring.jpa.open-in-view to disable this warning
2025-12-12T16:32:00.551Z  INFO 4825 --- [appointments-service] [           main] o.s.b.a.e.web.EndpointLinksResolver      : Exposing 2 endpoints beneath base path '/actuator'
2025-12-12T16:32:00.638Z  INFO 4825 --- [appointments-service] [           main] c.e.a.i.ConcurrencyIntegrationTest       : Started ConcurrencyIntegrationTest in 4.649 seconds (process running for 7.41)
]]></system-out>
  </testcase>
</testsuite>